<?xml version="1.0" encoding="UTF-8"?>
<testsuite xmlns:xsi="http://www.w3.org/2001/XMLSchema-instance" xsi:noNamespaceSchemaLocation="https://maven.apache.org/surefire/maven-surefire-plugin/xsd/surefire-test-report.xsd" name="com.mkyong.BookControllerRestTemplateTest" time="8.584" tests="8" errors="0" skipped="0" failures="8">
  <properties>
[...]
</properties>
  <testcase name="find_allBook_OK" classname="com.mkyong.BookControllerRestTemplateTest" time="0.648">
    <failure message="expected:&lt;200 OK&gt; but was:&lt;404 NOT_FOUND&gt;" type="java.lang.AssertionError"><![CDATA[java.lang.AssertionError: expected:<200 OK> but was:<404 NOT_FOUND>
	at com.mkyong.BookControllerRestTemplateTest.find_allBook_OK(BookControllerRestTemplateTest.java:75)
]]></failure>
    <system-out><![CDATA[
  .   ____          _            __ _ _
 /\\ / ___'_ __ _ _(_)_ __  __ _ \ \ \ \
( ( )\___ | '_ | '_| | '_ \/ _` | \ \ \ \
 \\/  ___)| |_)| | | | | || (_| |  ) ) ) )
  '  |____| .__|_| |_|_| |_\__, | / / / /
 =========|_|==============|___/=/_/_/_/
 :: Spring Boot ::        (v2.1.2.RELEASE)

2020-03-12 23:35:33.636  INFO 20664 --- [           main] .s.d.r.c.RepositoryConfigurationDelegate : Bootstrapping Spring Data repositories in DEFAULT mode.
2020-03-12 23:35:33.726  INFO 20664 --- [           main] .s.d.r.c.RepositoryConfigurationDelegate : Finished Spring Data repository scanning in 75ms. Found 1 repository interfaces.
2020-03-12 23:35:34.731  INFO 20664 --- [           main] trationDelegate$BeanPostProcessorChecker : Bean 'org.springframework.transaction.annotation.ProxyTransactionManagementConfiguration' of type [org.springframework.transaction.annotation.ProxyTransactionManagementConfiguration$$EnhancerBySpringCGLIB$$4a6fe686] is not eligible for getting processed by all BeanPostProcessors (for example: not eligible for auto-proxying)
2020-03-12 23:35:35.478  INFO 20664 --- [           main] o.s.b.w.embedded.tomcat.TomcatWebServer  : Tomcat initialized with port(s): 0 (http)
2020-03-12 23:35:35.659  INFO 20664 --- [           main] o.s.web.context.ContextLoader            : Root WebApplicationContext: initialization completed in 2807 ms
2020-03-12 23:35:37.297  INFO 20664 --- [           main] j.LocalContainerEntityManagerFactoryBean : Initialized JPA EntityManagerFactory for persistence unit 'default'
2020-03-12 23:35:37.823  INFO 20664 --- [           main] o.s.s.concurrent.ThreadPoolTaskExecutor  : Initializing ExecutorService 'applicationTaskExecutor'
2020-03-12 23:35:37.925  WARN 20664 --- [           main] aWebConfiguration$JpaWebMvcConfiguration : spring.jpa.open-in-view is enabled by default. Therefore, database queries may be performed during view rendering. Explicitly configure spring.jpa.open-in-view to disable this warning
2020-03-12 23:35:39.195  INFO 20664 --- [           main] o.s.b.w.embedded.tomcat.TomcatWebServer  : Tomcat started on port(s): 58814 (http) with context path ''
2020-03-12 23:35:39.537  INFO 20664 --- [o-auto-1-exec-1] o.s.web.servlet.DispatcherServlet        : Initializing Servlet 'dispatcherServlet'
2020-03-12 23:35:39.584  INFO 20664 --- [o-auto-1-exec-1] o.s.web.servlet.DispatcherServlet        : Completed initialization in 46 ms
]]></system-out>
  </testcase>
  <testcase name="save_book_OK" classname="com.mkyong.BookControllerRestTemplateTest" time="0.029">
    <failure message="expected:&lt;201 CREATED&gt; but was:&lt;404 NOT_FOUND&gt;" type="java.lang.AssertionError"><![CDATA[java.lang.AssertionError: expected:<201 CREATED> but was:<404 NOT_FOUND>
	at com.mkyong.BookControllerRestTemplateTest.save_book_OK(BookControllerRestTemplateTest.java:103)
]]></failure>
  </testcase>
  <testcase name="patch_bookAuthor_OK" classname="com.mkyong.BookControllerRestTemplateTest" time="0.015">
    <failure message="expected:&lt;200 OK&gt; but was:&lt;404 NOT_FOUND&gt;" type="java.lang.AssertionError"><![CDATA[java.lang.AssertionError: expected:<200 OK> but was:<404 NOT_FOUND>
	at com.mkyong.BookControllerRestTemplateTest.patch_bookAuthor_OK(BookControllerRestTemplateTest.java:142)
]]></failure>
  </testcase>
  <testcase name="update_book_OK" classname="com.mkyong.BookControllerRestTemplateTest" time="0.012">
    <failure message="expected:&lt;200 OK&gt; but was:&lt;404 NOT_FOUND&gt;" type="java.lang.AssertionError"><![CDATA[java.lang.AssertionError: expected:<200 OK> but was:<404 NOT_FOUND>
	at com.mkyong.BookControllerRestTemplateTest.update_book_OK(BookControllerRestTemplateTest.java:122)
]]></failure>
  </testcase>
  <testcase name="patch_bookPrice_405" classname="com.mkyong.BookControllerRestTemplateTest" time="0.013">
    <failure message="expected:&lt;405 METHOD_NOT_ALLOWED&gt; but was:&lt;404 NOT_FOUND&gt;" type="java.lang.AssertionError"><![CDATA[java.lang.AssertionError: expected:<405 METHOD_NOT_ALLOWED> but was:<404 NOT_FOUND>
	at com.mkyong.BookControllerRestTemplateTest.patch_bookPrice_405(BookControllerRestTemplateTest.java:162)
]]></failure>
  </testcase>
  <testcase name="delete_book_OK" classname="com.mkyong.BookControllerRestTemplateTest" time="0.014">
    <failure message="expected:&lt;200 OK&gt; but was:&lt;404 NOT_FOUND&gt;" type="java.lang.AssertionError"><![CDATA[java.lang.AssertionError: expected:<200 OK> but was:<404 NOT_FOUND>
	at com.mkyong.BookControllerRestTemplateTest.delete_book_OK(BookControllerRestTemplateTest.java:177)
]]></failure>
  </testcase>
  <testcase name="find_bookIdNotFound_404" classname="com.mkyong.BookControllerRestTemplateTest" time="0.025">
    <failure message="message&#10;Expected: Book id not found : 5&#10;     got: No message available&#10;" type="java.lang.AssertionError">java.lang.AssertionError: 
message
Expected: Book id not found : 5
     got: No message available

	at com.mkyong.BookControllerRestTemplateTest.find_bookIdNotFound_404(BookControllerRestTemplateTest.java:89)
</failure>
  </testcase>
  <testcase name="find_bookId_OK" classname="com.mkyong.BookControllerRestTemplateTest" time="0.01">
    <failure message="expected:&lt;200 OK&gt; but was:&lt;404 NOT_FOUND&gt;" type="java.lang.AssertionError"><![CDATA[java.lang.AssertionError: expected:<200 OK> but was:<404 NOT_FOUND>
	at com.mkyong.BookControllerRestTemplateTest.find_bookId_OK(BookControllerRestTemplateTest.java:53)
]]></failure>
  </testcase>
</testsuite>